<?xml version="1.0" encoding="UTF-8"?>
<!-- Generated by org.testng.reporters.JUnitReportReporter -->
<testsuite hostname="DESKTOP-JAQQMSD" failures="0" tests="14" name="com.tutorialsninja.qa.Runner_Files.Runner_TESTNG" time="93.807" errors="0" timestamp="2024-07-27T11:48:29 EDT" skipped="0">
  <testcase classname="com.tutorialsninja.qa.Runner_Files.Runner_TESTNG" name="runScenario" time="6.332"/>
  <testcase classname="com.tutorialsninja.qa.Runner_Files.Runner_TESTNG" name="runScenario" time="8.232"/>
  <testcase classname="com.tutorialsninja.qa.Runner_Files.Runner_TESTNG" name="runScenario" time="7.754"/>
  <testcase classname="com.tutorialsninja.qa.Runner_Files.Runner_TESTNG" name="runScenario" time="6.150"/>
  <testcase classname="com.tutorialsninja.qa.Runner_Files.Runner_TESTNG" name="runScenario" time="7.223"/>
  <testcase classname="com.tutorialsninja.qa.Runner_Files.Runner_TESTNG" name="runScenario" time="5.967"/>
  <testcase classname="com.tutorialsninja.qa.Runner_Files.Runner_TESTNG" name="runScenario" time="5.841"/>
  <testcase classname="com.tutorialsninja.qa.Runner_Files.Runner_TESTNG" name="runScenario" time="5.893"/>
  <testcase classname="com.tutorialsninja.qa.Runner_Files.Runner_TESTNG" name="runScenario" time="6.211"/>
  <testcase classname="com.tutorialsninja.qa.Runner_Files.Runner_TESTNG" name="runScenario" time="6.824"/>
  <testcase classname="com.tutorialsninja.qa.Runner_Files.Runner_TESTNG" name="runScenario" time="6.414"/>
  <testcase classname="com.tutorialsninja.qa.Runner_Files.Runner_TESTNG" name="runScenario" time="6.952"/>
  <testcase classname="com.tutorialsninja.qa.Runner_Files.Runner_TESTNG" name="runScenario" time="6.418"/>
  <testcase classname="com.tutorialsninja.qa.Runner_Files.Runner_TESTNG" name="runScenario" time="7.596"/>
</testsuite> <!-- com.tutorialsninja.qa.Runner_Files.Runner_TESTNG -->
