<?xml version="1.0" encoding="UTF-8"?>
<!-- Generated by org.testng.reporters.JUnitReportReporter -->
<testsuite hostname="DESKTOP-JAQQMSD" failures="0" tests="16" name="com.tutorialsninja.qa.Runner_Files.Runner_TESTNG" time="113.135" errors="0" timestamp="2024-08-01T11:53:32 EDT" skipped="0">
  <testcase classname="com.tutorialsninja.qa.Runner_Files.Runner_TESTNG" name="runScenario" time="5.934"/>
  <testcase classname="com.tutorialsninja.qa.Runner_Files.Runner_TESTNG" name="runScenario" time="6.888"/>
  <testcase classname="com.tutorialsninja.qa.Runner_Files.Runner_TESTNG" name="runScenario" time="9.471"/>
  <testcase classname="com.tutorialsninja.qa.Runner_Files.Runner_TESTNG" name="runScenario" time="7.488"/>
  <testcase classname="com.tutorialsninja.qa.Runner_Files.Runner_TESTNG" name="runScenario" time="8.601"/>
  <testcase classname="com.tutorialsninja.qa.Runner_Files.Runner_TESTNG" name="runScenario" time="6.301"/>
  <testcase classname="com.tutorialsninja.qa.Runner_Files.Runner_TESTNG" name="runScenario" time="6.671"/>
  <testcase classname="com.tutorialsninja.qa.Runner_Files.Runner_TESTNG" name="runScenario" time="9.002"/>
  <testcase classname="com.tutorialsninja.qa.Runner_Files.Runner_TESTNG" name="runScenario" time="6.762"/>
  <testcase classname="com.tutorialsninja.qa.Runner_Files.Runner_TESTNG" name="runScenario" time="7.313"/>
  <testcase classname="com.tutorialsninja.qa.Runner_Files.Runner_TESTNG" name="runScenario" time="6.748"/>
  <testcase classname="com.tutorialsninja.qa.Runner_Files.Runner_TESTNG" name="runScenario" time="6.762"/>
  <testcase classname="com.tutorialsninja.qa.Runner_Files.Runner_TESTNG" name="runScenario" time="6.804"/>
  <testcase classname="com.tutorialsninja.qa.Runner_Files.Runner_TESTNG" name="runScenario" time="6.363"/>
  <testcase classname="com.tutorialsninja.qa.Runner_Files.Runner_TESTNG" name="runScenario" time="6.117"/>
  <testcase classname="com.tutorialsninja.qa.Runner_Files.Runner_TESTNG" name="runScenario" time="5.910"/>
</testsuite> <!-- com.tutorialsninja.qa.Runner_Files.Runner_TESTNG -->
